<?xml version="1.0" encoding="UTF-8"?>
<!-- Generated by org.testng.reporters.JUnitXMLReporter -->
<testsuite ignored="11" hostname="BIMWize3" failures="0" tests="1" name="Default test" time="0.064" errors="0" timestamp="2022-04-21T17:09:12 EDT">
  <testcase classname="com.test.Base" name="@BeforeTest beforeTest" time="-1.650575352842E9">
    <failure type="org.testng.TestNGException" message="
Parameter &amp;apos;browser&amp;apos; is required by BeforeTest on method beforeTest but has not been marked @Optional or defined
in C:\Users\pc\AppData\Local\Temp\testng-eclipse-2071941597\testng-customsuite.xml">
      <![CDATA[org.testng.TestNGException: 
Parameter 'browser' is required by BeforeTest on method beforeTest but has not been marked @Optional or defined
in C:\Users\pc\AppData\Local\Temp\testng-eclipse-2071941597\testng-customsuite.xml
at org.testng.internal.Parameters.createParams(Parameters.java:267)
at org.testng.internal.Parameters.createParametersForMethod(Parameters.java:355)
at org.testng.internal.Parameters.createParameters(Parameters.java:660)
at org.testng.internal.Parameters.createConfigurationParameters(Parameters.java:166)
at org.testng.internal.invokers.ConfigInvoker.invokeConfigurations(ConfigInvoker.java:300)
at org.testng.TestRunner.invokeTestConfigurations(TestRunner.java:645)
at org.testng.TestRunner.beforeRun(TestRunner.java:634)
at org.testng.TestRunner.run(TestRunner.java:596)
at org.testng.SuiteRunner.runTest(SuiteRunner.java:429)
at org.testng.SuiteRunner.runSequentially(SuiteRunner.java:423)
at org.testng.SuiteRunner.privateRun(SuiteRunner.java:383)
at org.testng.SuiteRunner.run(SuiteRunner.java:326)
at org.testng.SuiteRunnerWorker.runSuite(SuiteRunnerWorker.java:52)
at org.testng.SuiteRunnerWorker.run(SuiteRunnerWorker.java:95)
at org.testng.TestNG.runSuitesSequentially(TestNG.java:1249)
at org.testng.TestNG.runSuitesLocally(TestNG.java:1169)
at org.testng.TestNG.runSuites(TestNG.java:1092)
at org.testng.TestNG.run(TestNG.java:1060)
at org.testng.remote.AbstractRemoteTestNG.run(AbstractRemoteTestNG.java:115)
at org.testng.remote.RemoteTestNG.initAndRun(RemoteTestNG.java:251)
at org.testng.remote.RemoteTestNG.main(RemoteTestNG.java:77)
]]>
    </failure>
  </testcase> <!-- @BeforeTest beforeTest -->
  <testcase classname="com.test.LoginTest" name="@BeforeClass beforeclass" time="0.0">
    <skipped/>
  </testcase> <!-- @BeforeClass beforeclass -->
  <testcase classname="com.test.LoginTest" name="Loginbutton" time="0.0">
    <skipped/>
  </testcase> <!-- Loginbutton -->
  <testcase classname="com.test.LoginTest" name="validenterEmail" time="0.0">
    <ignored/>
  </testcase> <!-- validenterEmail -->
  <testcase classname="com.test.LoginTest" name="enterpwd" time="0.0">
    <ignored/>
  </testcase> <!-- enterpwd -->
  <testcase classname="com.test.LoginTest" name="enterEmail" time="0.0">
    <ignored/>
  </testcase> <!-- enterEmail -->
  <testcase classname="com.test.LoginTest" name="validenterln" time="0.0">
    <ignored/>
  </testcase> <!-- validenterln -->
  <testcase classname="com.test.LoginTest" name="enterln" time="0.0">
    <ignored/>
  </testcase> <!-- enterln -->
  <testcase classname="com.test.LoginTest" name="confirmpassword" time="0.0">
    <ignored/>
  </testcase> <!-- confirmpassword -->
  <testcase classname="com.test.LoginTest" name="getstarted" time="0.0">
    <ignored/>
  </testcase> <!-- getstarted -->
  <testcase classname="com.test.LoginTest" name="validconfirmpassword" time="0.0">
    <ignored/>
  </testcase> <!-- validconfirmpassword -->
  <testcase classname="com.test.LoginTest" name="enterfn" time="0.0">
    <ignored/>
  </testcase> <!-- enterfn -->
  <testcase classname="com.test.LoginTest" name="validenterfn" time="0.0">
    <ignored/>
  </testcase> <!-- validenterfn -->
  <testcase classname="com.test.LoginTest" name="validenterpwd" time="0.0">
    <ignored/>
  </testcase> <!-- validenterpwd -->
</testsuite> <!-- Default test -->
