<?xml version="1.0" encoding="UTF-8"?>
<!-- Generated by org.testng.reporters.JUnitXMLReporter -->
<testsuite ignored="2" hostname="BIMWize3" failures="0" tests="12" name="Reg Edge" time="3.978" errors="0" timestamp="2022-04-23T23:44:35 EDT">
  <testcase classname="com.test.Base" name="@BeforeTest beforeTest" time="3.912">
    <failure type="org.openqa.selenium.SessionNotCreatedException" message="session not created: This version of MSEdgeDriver only supports MSEdge version 102
Current browser version is 100.0.1185.50 with binary path C:\Program Files (x86)\Microsoft\Edge\Application\msedge.exe
Build info: version: &amp;apos;3.141.59&amp;apos;, revision: &amp;apos;e82be7d358&amp;apos;, time: &amp;apos;2018-11-14T08:17:03&amp;apos;
System info: host: &amp;apos;BIMWIZE3&amp;apos;, ip: &amp;apos;10.0.0.219&amp;apos;, os.name: &amp;apos;Windows 10&amp;apos;, os.arch: &amp;apos;amd64&amp;apos;, os.version: &amp;apos;10.0&amp;apos;, java.version: &amp;apos;16.0.2&amp;apos;
Driver info: driver.version: EdgeDriver
remote stacktrace: Backtrace:
	Microsoft::Applications::Events::EventProperties::unpack [0x00007FF68B4D94C2+21842]
	Microsoft::Applications::Events::time_ticks_t::operator= [0x00007FF68B44BE22+416082]
	Ordinal0 [0x00007FF68ADB30E5+667877]
	Ordinal0 [0x00007FF68ADDDF74+843636]
	Ordinal0 [0x00007FF68ADD9484+824452]
	Ordinal0 [0x00007FF68ADD4D5E+806238]
	Ordinal0 [0x00007FF68AE0F736+1046326]
	Ordinal0 [0x00007FF68AE095F3+1021427]
	Ordinal0 [0x00007FF68ADE05A7+853415]
	Ordinal0 [0x00007FF68ADE1A78+858744]
	Microsoft::Applications::Events::EventProperty::EventProperty [0x00007FF68B2B0978+89576]
	Microsoft::Applications::Events::FromLogConfiguration [0x00007FF68B0603A9+75417]
	Microsoft::Applications::Events::FromLogConfiguration [0x00007FF68B06007A+74602]
	Microsoft::Applications::Events::FromLogConfiguration [0x00007FF68B062A0C+85244]
	Microsoft::Applications::Events::FromLogConfiguration [0x00007FF68B060A76+77158]
	Ordinal0 [0x00007FF68AEF101C+1970204]
	Microsoft::Applications::Events::time_ticks_t::operator= [0x00007FF68B4545F4+450852]
	Microsoft::Applications::Events::time_ticks_t::operator= [0x00007FF68B45474D+451197]
	Ordinal0 [0x00007FF68AF008A2+2033826]
	BaseThreadInitThunk [0x00007FFA6EFF54E0+16]
	RtlUserThreadStart [0x00007FFA6FE6485B+43]
">
      <![CDATA[org.openqa.selenium.SessionNotCreatedException: session not created: This version of MSEdgeDriver only supports MSEdge version 102
Current browser version is 100.0.1185.50 with binary path C:\Program Files (x86)\Microsoft\Edge\Application\msedge.exe
Build info: version: '3.141.59', revision: 'e82be7d358', time: '2018-11-14T08:17:03'
System info: host: 'BIMWIZE3', ip: '10.0.0.219', os.name: 'Windows 10', os.arch: 'amd64', os.version: '10.0', java.version: '16.0.2'
Driver info: driver.version: EdgeDriver
remote stacktrace: Backtrace:
Microsoft::Applications::Events::EventProperties::unpack [0x00007FF68B4D94C2+21842]
Microsoft::Applications::Events::time_ticks_t::operator= [0x00007FF68B44BE22+416082]
Ordinal0 [0x00007FF68ADB30E5+667877]
Ordinal0 [0x00007FF68ADDDF74+843636]
Ordinal0 [0x00007FF68ADD9484+824452]
Ordinal0 [0x00007FF68ADD4D5E+806238]
Ordinal0 [0x00007FF68AE0F736+1046326]
Ordinal0 [0x00007FF68AE095F3+1021427]
Ordinal0 [0x00007FF68ADE05A7+853415]
Ordinal0 [0x00007FF68ADE1A78+858744]
Microsoft::Applications::Events::EventProperty::EventProperty [0x00007FF68B2B0978+89576]
Microsoft::Applications::Events::FromLogConfiguration [0x00007FF68B0603A9+75417]
Microsoft::Applications::Events::FromLogConfiguration [0x00007FF68B06007A+74602]
Microsoft::Applications::Events::FromLogConfiguration [0x00007FF68B062A0C+85244]
Microsoft::Applications::Events::FromLogConfiguration [0x00007FF68B060A76+77158]
Ordinal0 [0x00007FF68AEF101C+1970204]
Microsoft::Applications::Events::time_ticks_t::operator= [0x00007FF68B4545F4+450852]
Microsoft::Applications::Events::time_ticks_t::operator= [0x00007FF68B45474D+451197]
Ordinal0 [0x00007FF68AF008A2+2033826]
BaseThreadInitThunk [0x00007FFA6EFF54E0+16]
RtlUserThreadStart [0x00007FFA6FE6485B+43]

at org.openqa.selenium.remote.W3CHandshakeResponse.lambda$errorHandler$0(W3CHandshakeResponse.java:62)
at org.openqa.selenium.remote.HandshakeResponse.lambda$getResponseFunction$0(HandshakeResponse.java:30)
at org.openqa.selenium.remote.ProtocolHandshake.lambda$createSession$0(ProtocolHandshake.java:126)
at java.base/java.util.stream.ReferencePipeline$3$1.accept(ReferencePipeline.java:197)
at java.base/java.util.Spliterators$ArraySpliterator.tryAdvance(Spliterators.java:958)
at java.base/java.util.stream.ReferencePipeline.forEachWithCancel(ReferencePipeline.java:129)
at java.base/java.util.stream.AbstractPipeline.copyIntoWithCancel(AbstractPipeline.java:502)
at java.base/java.util.stream.AbstractPipeline.copyInto(AbstractPipeline.java:488)
at java.base/java.util.stream.AbstractPipeline.wrapAndCopyInto(AbstractPipeline.java:474)
at java.base/java.util.stream.FindOps$FindOp.evaluateSequential(FindOps.java:150)
at java.base/java.util.stream.AbstractPipeline.evaluate(AbstractPipeline.java:234)
at java.base/java.util.stream.ReferencePipeline.findFirst(ReferencePipeline.java:647)
at org.openqa.selenium.remote.ProtocolHandshake.createSession(ProtocolHandshake.java:128)
at org.openqa.selenium.remote.ProtocolHandshake.createSession(ProtocolHandshake.java:74)
at org.openqa.selenium.remote.HttpCommandExecutor.execute(HttpCommandExecutor.java:136)
at org.openqa.selenium.remote.service.DriverCommandExecutor.execute(DriverCommandExecutor.java:83)
at org.openqa.selenium.remote.RemoteWebDriver.execute(RemoteWebDriver.java:552)
at org.openqa.selenium.remote.RemoteWebDriver.startSession(RemoteWebDriver.java:213)
at org.openqa.selenium.remote.RemoteWebDriver.<init>(RemoteWebDriver.java:131)
at org.openqa.selenium.edge.EdgeDriver.<init>(EdgeDriver.java:141)
at org.openqa.selenium.edge.EdgeDriver.<init>(EdgeDriver.java:96)
at com.base.DriverManager.launch(DriverManager.java:27)
at com.test.Base.beforeTest(Base.java:36)
... Removed 29 stack frames]]>
    </failure>
  </testcase> <!-- @BeforeTest beforeTest -->
  <testcase classname="com.test.LoginTest" name="Loginbutton" time="0.0">
    <skipped/>
  </testcase> <!-- Loginbutton -->
  <testcase classname="com.test.LoginTest" name="getstarted" time="0.001">
    <skipped/>
  </testcase> <!-- getstarted -->
  <testcase classname="com.test.LoginTest" name="enterEmail" time="0.0">
    <skipped/>
  </testcase> <!-- enterEmail -->
  <testcase classname="com.test.LoginTest" name="enterfn" time="0.0">
    <skipped/>
  </testcase> <!-- enterfn -->
  <testcase classname="com.test.LoginTest" name="enterln" time="0.0">
    <skipped/>
  </testcase> <!-- enterln -->
  <testcase classname="com.test.LoginTest" name="enterpwd" time="0.0">
    <skipped/>
  </testcase> <!-- enterpwd -->
  <testcase classname="com.test.LoginTest" name="confirmpassword" time="0.0">
    <skipped/>
  </testcase> <!-- confirmpassword -->
  <testcase classname="com.test.LoginTest" name="validenterEmail" time="0.0">
    <skipped/>
  </testcase> <!-- validenterEmail -->
  <testcase classname="com.test.LoginTest" name="validenterfn" time="0.001">
    <skipped/>
  </testcase> <!-- validenterfn -->
  <testcase classname="com.test.LoginTest" name="validenterln" time="0.0">
    <skipped/>
  </testcase> <!-- validenterln -->
  <testcase classname="com.test.LoginTest" name="validenterpwd" time="0.0">
    <skipped/>
  </testcase> <!-- validenterpwd -->
  <testcase classname="com.test.LoginTest" name="validconfirmpassword" time="0.0">
    <skipped/>
  </testcase> <!-- validconfirmpassword -->
  <testcase classname="com.test.Base" name="@AfterSuite afterSuite" time="0.0">
    <ignored/>
  </testcase> <!-- @AfterSuite afterSuite -->
  <testcase classname="com.test.Base" name="@BeforeTest beforeTest" time="0.0">
    <ignored/>
  </testcase> <!-- @BeforeTest beforeTest -->
</testsuite> <!-- Reg Edge -->
