<?xml version="1.0" encoding="UTF-8"?>
<testng-results ignored="6" total="42" passed="24" failed="0" skipped="12">
  <reporter-output>
    <line>
      <![CDATA[Email id is passed >> abc@gmail.com]]>
    </line>
    <line>
      <![CDATA[Firstname id is passed >> abc]]>
    </line>
    <line>
      <![CDATA[lastname id is passed >> xyz]]>
    </line>
    <line>
      <![CDATA[passwrod id is passed >> test@123]]>
    </line>
    <line>
      <![CDATA[valid Email id is passed >> pooja@gmail.com]]>
    </line>
    <line>
      <![CDATA[valid Firstname id is passed >> Pooja]]>
    </line>
    <line>
      <![CDATA[valid lastname id is passed >> Kapoor]]>
    </line>
    <line>
      <![CDATA[valid passwrod id is passed >> abc@123]]>
    </line>
    <line>
      <![CDATA[Email id is passed >> abc@gmail.com]]>
    </line>
    <line>
      <![CDATA[Firstname id is passed >> abc]]>
    </line>
    <line>
      <![CDATA[lastname id is passed >> xyz]]>
    </line>
    <line>
      <![CDATA[passwrod id is passed >> test@123]]>
    </line>
    <line>
      <![CDATA[valid Email id is passed >> pooja@gmail.com]]>
    </line>
    <line>
      <![CDATA[valid Firstname id is passed >> Pooja]]>
    </line>
    <line>
      <![CDATA[valid lastname id is passed >> Kapoor]]>
    </line>
    <line>
      <![CDATA[valid passwrod id is passed >> abc@123]]>
    </line>
  </reporter-output>
  <suite started-at="2022-04-23T23:44:03 EDT" name="Suite" finished-at="2022-04-23T23:44:35 EDT" duration-ms="32854">
    <groups>
      <group name="Regression">
        <method signature="LoginTest.Loginbutton()[pri:1, instance:com.test.LoginTest@50eac852]" name="Loginbutton" class="com.test.LoginTest"/>
        <method signature="LoginTest.getstarted()[pri:2, instance:com.test.LoginTest@50eac852]" name="getstarted" class="com.test.LoginTest"/>
        <method signature="LoginTest.enterEmail(java.lang.String)[pri:3, instance:com.test.LoginTest@50eac852]" name="enterEmail" class="com.test.LoginTest"/>
        <method signature="LoginTest.Loginbutton()[pri:1, instance:com.test.LoginTest@4fb61f4a]" name="Loginbutton" class="com.test.LoginTest"/>
        <method signature="LoginTest.getstarted()[pri:2, instance:com.test.LoginTest@4fb61f4a]" name="getstarted" class="com.test.LoginTest"/>
        <method signature="LoginTest.enterEmail(java.lang.String)[pri:3, instance:com.test.LoginTest@4fb61f4a]" name="enterEmail" class="com.test.LoginTest"/>
        <method signature="LoginTest.Loginbutton()[pri:1, instance:com.test.LoginTest@5876a9af]" name="Loginbutton" class="com.test.LoginTest"/>
        <method signature="LoginTest.getstarted()[pri:2, instance:com.test.LoginTest@5876a9af]" name="getstarted" class="com.test.LoginTest"/>
        <method signature="LoginTest.enterEmail(java.lang.String)[pri:3, instance:com.test.LoginTest@5876a9af]" name="enterEmail" class="com.test.LoginTest"/>
      </group> <!-- Regression -->
    </groups>
    <test started-at="2022-04-23T23:44:03 EDT" name="Reg CHorme" finished-at="2022-04-23T23:44:16 EDT" duration-ms="12922">
      <class name="com.test.Base">
        <test-method is-config="true" signature="beforeTest(java.lang.String,java.lang.String)[pri:0, instance:com.test.Base@15eb5ee5]" started-at="2022-04-23T23:44:03 EDT" name="beforeTest" finished-at="2022-04-23T23:44:05 EDT" duration-ms="2889" status="PASS">
          <params>
            <param index="0">
              <value>
                <![CDATA[chrome]]>
              </value>
            </param>
            <param index="1">
              <value>
                <![CDATA[https://www.shopify.ca]]>
              </value>
            </param>
          </params>
          <reporter-output>
          </reporter-output>
        </test-method> <!-- beforeTest -->
      </class> <!-- com.test.Base -->
      <class name="com.test.LoginTest">
        <test-method is-config="true" signature="beforeclass()[pri:0, instance:com.test.LoginTest@50eac852]" started-at="2022-04-23T23:44:06 EDT" name="beforeclass" finished-at="2022-04-23T23:44:06 EDT" duration-ms="50" status="PASS">
          <reporter-output>
          </reporter-output>
        </test-method> <!-- beforeclass -->
        <test-method signature="Loginbutton()[pri:1, instance:com.test.LoginTest@50eac852]" started-at="2022-04-23T23:44:06 EDT" name="Loginbutton" finished-at="2022-04-23T23:44:11 EDT" duration-ms="5386" status="PASS">
          <reporter-output>
          </reporter-output>
        </test-method> <!-- Loginbutton -->
        <test-method signature="getstarted()[pri:2, instance:com.test.LoginTest@50eac852]" started-at="2022-04-23T23:44:11 EDT" name="getstarted" finished-at="2022-04-23T23:44:14 EDT" depends-on-methods="com.test.LoginTest.Loginbutton" duration-ms="3206" status="PASS">
          <reporter-output>
          </reporter-output>
        </test-method> <!-- getstarted -->
        <test-method signature="enterEmail(java.lang.String)[pri:3, instance:com.test.LoginTest@50eac852]" started-at="2022-04-23T23:44:14 EDT" name="enterEmail" finished-at="2022-04-23T23:44:14 EDT" depends-on-methods="com.test.LoginTest.getstarted" duration-ms="153" status="PASS">
          <params>
            <param index="0">
              <value>
                <![CDATA[abc@gmail.com]]>
              </value>
            </param>
          </params>
          <reporter-output>
            <line>
              <![CDATA[Email id is passed >> abc@gmail.com]]>
            </line>
          </reporter-output>
        </test-method> <!-- enterEmail -->
        <test-method signature="enterfn(java.lang.String)[pri:4, instance:com.test.LoginTest@50eac852]" started-at="2022-04-23T23:44:14 EDT" name="enterfn" finished-at="2022-04-23T23:44:14 EDT" depends-on-methods="com.test.LoginTest.enterEmail" duration-ms="129" status="PASS">
          <params>
            <param index="0">
              <value>
                <![CDATA[abc]]>
              </value>
            </param>
          </params>
          <reporter-output>
            <line>
              <![CDATA[Firstname id is passed >> abc]]>
            </line>
          </reporter-output>
        </test-method> <!-- enterfn -->
        <test-method signature="enterln(java.lang.String)[pri:5, instance:com.test.LoginTest@50eac852]" started-at="2022-04-23T23:44:14 EDT" name="enterln" finished-at="2022-04-23T23:44:15 EDT" depends-on-methods="com.test.LoginTest.enterfn" duration-ms="127" status="PASS">
          <params>
            <param index="0">
              <value>
                <![CDATA[xyz]]>
              </value>
            </param>
          </params>
          <reporter-output>
            <line>
              <![CDATA[lastname id is passed >> xyz]]>
            </line>
          </reporter-output>
        </test-method> <!-- enterln -->
        <test-method signature="enterpwd(java.lang.String)[pri:6, instance:com.test.LoginTest@50eac852]" started-at="2022-04-23T23:44:15 EDT" name="enterpwd" finished-at="2022-04-23T23:44:15 EDT" depends-on-methods="com.test.LoginTest.enterln" duration-ms="152" status="PASS">
          <params>
            <param index="0">
              <value>
                <![CDATA[test@123]]>
              </value>
            </param>
          </params>
          <reporter-output>
            <line>
              <![CDATA[passwrod id is passed >> test@123]]>
            </line>
          </reporter-output>
        </test-method> <!-- enterpwd -->
        <test-method signature="confirmpassword()[pri:7, instance:com.test.LoginTest@50eac852]" started-at="2022-04-23T23:44:15 EDT" name="confirmpassword" finished-at="2022-04-23T23:44:15 EDT" depends-on-methods="com.test.LoginTest.enterpwd" duration-ms="145" status="PASS">
          <reporter-output>
          </reporter-output>
        </test-method> <!-- confirmpassword -->
        <test-method signature="validenterEmail(java.lang.String)[pri:8, instance:com.test.LoginTest@50eac852]" started-at="2022-04-23T23:44:15 EDT" name="validenterEmail" finished-at="2022-04-23T23:44:15 EDT" depends-on-methods="com.test.LoginTest.confirmpassword" duration-ms="135" status="PASS">
          <params>
            <param index="0">
              <value>
                <![CDATA[pooja@gmail.com]]>
              </value>
            </param>
          </params>
          <reporter-output>
            <line>
              <![CDATA[valid Email id is passed >> pooja@gmail.com]]>
            </line>
          </reporter-output>
        </test-method> <!-- validenterEmail -->
        <test-method signature="validenterfn(java.lang.String)[pri:9, instance:com.test.LoginTest@50eac852]" started-at="2022-04-23T23:44:15 EDT" name="validenterfn" finished-at="2022-04-23T23:44:15 EDT" depends-on-methods="com.test.LoginTest.validenterEmail" duration-ms="116" status="PASS">
          <params>
            <param index="0">
              <value>
                <![CDATA[Pooja]]>
              </value>
            </param>
          </params>
          <reporter-output>
            <line>
              <![CDATA[valid Firstname id is passed >> Pooja]]>
            </line>
          </reporter-output>
        </test-method> <!-- validenterfn -->
        <test-method signature="validenterln(java.lang.String)[pri:10, instance:com.test.LoginTest@50eac852]" started-at="2022-04-23T23:44:15 EDT" name="validenterln" finished-at="2022-04-23T23:44:15 EDT" depends-on-methods="com.test.LoginTest.validenterfn" duration-ms="116" status="PASS">
          <params>
            <param index="0">
              <value>
                <![CDATA[Kapoor]]>
              </value>
            </param>
          </params>
          <reporter-output>
            <line>
              <![CDATA[valid lastname id is passed >> Kapoor]]>
            </line>
          </reporter-output>
        </test-method> <!-- validenterln -->
        <test-method signature="validenterpwd(java.lang.String)[pri:11, instance:com.test.LoginTest@50eac852]" started-at="2022-04-23T23:44:15 EDT" name="validenterpwd" finished-at="2022-04-23T23:44:15 EDT" depends-on-methods="com.test.LoginTest.validenterln" duration-ms="122" status="PASS">
          <params>
            <param index="0">
              <value>
                <![CDATA[abc@123]]>
              </value>
            </param>
          </params>
          <reporter-output>
            <line>
              <![CDATA[valid passwrod id is passed >> abc@123]]>
            </line>
          </reporter-output>
        </test-method> <!-- validenterpwd -->
        <test-method signature="validconfirmpassword()[pri:12, instance:com.test.LoginTest@50eac852]" started-at="2022-04-23T23:44:15 EDT" name="validconfirmpassword" finished-at="2022-04-23T23:44:16 EDT" depends-on-methods="com.test.LoginTest.validenterpwd" duration-ms="105" status="PASS">
          <reporter-output>
          </reporter-output>
        </test-method> <!-- validconfirmpassword -->
      </class> <!-- com.test.LoginTest -->
    </test> <!-- Reg CHorme -->
    <test started-at="2022-04-23T23:44:16 EDT" name="Reg FF" finished-at="2022-04-23T23:44:31 EDT" duration-ms="15865">
      <class name="com.test.Base">
        <test-method is-config="true" signature="beforeTest(java.lang.String,java.lang.String)[pri:0, instance:com.test.Base@3e58a80e]" started-at="2022-04-23T23:44:16 EDT" name="beforeTest" finished-at="2022-04-23T23:44:21 EDT" duration-ms="5586" status="PASS">
          <params>
            <param index="0">
              <value>
                <![CDATA[firefox]]>
              </value>
            </param>
            <param index="1">
              <value>
                <![CDATA[https://www.shopify.ca]]>
              </value>
            </param>
          </params>
          <reporter-output>
          </reporter-output>
        </test-method> <!-- beforeTest -->
      </class> <!-- com.test.Base -->
      <class name="com.test.LoginTest">
        <test-method is-config="true" signature="beforeclass()[pri:0, instance:com.test.LoginTest@4fb61f4a]" started-at="2022-04-23T23:44:21 EDT" name="beforeclass" finished-at="2022-04-23T23:44:21 EDT" duration-ms="1" status="PASS">
          <reporter-output>
          </reporter-output>
        </test-method> <!-- beforeclass -->
        <test-method signature="Loginbutton()[pri:1, instance:com.test.LoginTest@4fb61f4a]" started-at="2022-04-23T23:44:21 EDT" name="Loginbutton" finished-at="2022-04-23T23:44:27 EDT" duration-ms="5592" status="PASS">
          <reporter-output>
          </reporter-output>
        </test-method> <!-- Loginbutton -->
        <test-method signature="getstarted()[pri:2, instance:com.test.LoginTest@4fb61f4a]" started-at="2022-04-23T23:44:27 EDT" name="getstarted" finished-at="2022-04-23T23:44:31 EDT" depends-on-methods="com.test.LoginTest.Loginbutton" duration-ms="3826" status="PASS">
          <reporter-output>
          </reporter-output>
        </test-method> <!-- getstarted -->
        <test-method signature="enterEmail(java.lang.String)[pri:3, instance:com.test.LoginTest@4fb61f4a]" started-at="2022-04-23T23:44:31 EDT" name="enterEmail" finished-at="2022-04-23T23:44:31 EDT" depends-on-methods="com.test.LoginTest.getstarted" duration-ms="88" status="PASS">
          <params>
            <param index="0">
              <value>
                <![CDATA[abc@gmail.com]]>
              </value>
            </param>
          </params>
          <reporter-output>
            <line>
              <![CDATA[Email id is passed >> abc@gmail.com]]>
            </line>
          </reporter-output>
        </test-method> <!-- enterEmail -->
        <test-method signature="enterfn(java.lang.String)[pri:4, instance:com.test.LoginTest@4fb61f4a]" started-at="2022-04-23T23:44:31 EDT" name="enterfn" finished-at="2022-04-23T23:44:31 EDT" depends-on-methods="com.test.LoginTest.enterEmail" duration-ms="83" status="PASS">
          <params>
            <param index="0">
              <value>
                <![CDATA[abc]]>
              </value>
            </param>
          </params>
          <reporter-output>
            <line>
              <![CDATA[Firstname id is passed >> abc]]>
            </line>
          </reporter-output>
        </test-method> <!-- enterfn -->
        <test-method signature="enterln(java.lang.String)[pri:5, instance:com.test.LoginTest@4fb61f4a]" started-at="2022-04-23T23:44:31 EDT" name="enterln" finished-at="2022-04-23T23:44:31 EDT" depends-on-methods="com.test.LoginTest.enterfn" duration-ms="107" status="PASS">
          <params>
            <param index="0">
              <value>
                <![CDATA[xyz]]>
              </value>
            </param>
          </params>
          <reporter-output>
            <line>
              <![CDATA[lastname id is passed >> xyz]]>
            </line>
          </reporter-output>
        </test-method> <!-- enterln -->
        <test-method signature="enterpwd(java.lang.String)[pri:6, instance:com.test.LoginTest@4fb61f4a]" started-at="2022-04-23T23:44:31 EDT" name="enterpwd" finished-at="2022-04-23T23:44:31 EDT" depends-on-methods="com.test.LoginTest.enterln" duration-ms="93" status="PASS">
          <params>
            <param index="0">
              <value>
                <![CDATA[test@123]]>
              </value>
            </param>
          </params>
          <reporter-output>
            <line>
              <![CDATA[passwrod id is passed >> test@123]]>
            </line>
          </reporter-output>
        </test-method> <!-- enterpwd -->
        <test-method signature="confirmpassword()[pri:7, instance:com.test.LoginTest@4fb61f4a]" started-at="2022-04-23T23:44:31 EDT" name="confirmpassword" finished-at="2022-04-23T23:44:31 EDT" depends-on-methods="com.test.LoginTest.enterpwd" duration-ms="49" status="PASS">
          <reporter-output>
          </reporter-output>
        </test-method> <!-- confirmpassword -->
        <test-method signature="validenterEmail(java.lang.String)[pri:8, instance:com.test.LoginTest@4fb61f4a]" started-at="2022-04-23T23:44:31 EDT" name="validenterEmail" finished-at="2022-04-23T23:44:31 EDT" depends-on-methods="com.test.LoginTest.confirmpassword" duration-ms="85" status="PASS">
          <params>
            <param index="0">
              <value>
                <![CDATA[pooja@gmail.com]]>
              </value>
            </param>
          </params>
          <reporter-output>
            <line>
              <![CDATA[valid Email id is passed >> pooja@gmail.com]]>
            </line>
          </reporter-output>
        </test-method> <!-- validenterEmail -->
        <test-method signature="validenterfn(java.lang.String)[pri:9, instance:com.test.LoginTest@4fb61f4a]" started-at="2022-04-23T23:44:31 EDT" name="validenterfn" finished-at="2022-04-23T23:44:31 EDT" depends-on-methods="com.test.LoginTest.validenterEmail" duration-ms="115" status="PASS">
          <params>
            <param index="0">
              <value>
                <![CDATA[Pooja]]>
              </value>
            </param>
          </params>
          <reporter-output>
            <line>
              <![CDATA[valid Firstname id is passed >> Pooja]]>
            </line>
          </reporter-output>
        </test-method> <!-- validenterfn -->
        <test-method signature="validenterln(java.lang.String)[pri:10, instance:com.test.LoginTest@4fb61f4a]" started-at="2022-04-23T23:44:31 EDT" name="validenterln" finished-at="2022-04-23T23:44:31 EDT" depends-on-methods="com.test.LoginTest.validenterfn" duration-ms="87" status="PASS">
          <params>
            <param index="0">
              <value>
                <![CDATA[Kapoor]]>
              </value>
            </param>
          </params>
          <reporter-output>
            <line>
              <![CDATA[valid lastname id is passed >> Kapoor]]>
            </line>
          </reporter-output>
        </test-method> <!-- validenterln -->
        <test-method signature="validenterpwd(java.lang.String)[pri:11, instance:com.test.LoginTest@4fb61f4a]" started-at="2022-04-23T23:44:31 EDT" name="validenterpwd" finished-at="2022-04-23T23:44:31 EDT" depends-on-methods="com.test.LoginTest.validenterln" duration-ms="91" status="PASS">
          <params>
            <param index="0">
              <value>
                <![CDATA[abc@123]]>
              </value>
            </param>
          </params>
          <reporter-output>
            <line>
              <![CDATA[valid passwrod id is passed >> abc@123]]>
            </line>
          </reporter-output>
        </test-method> <!-- validenterpwd -->
        <test-method signature="validconfirmpassword()[pri:12, instance:com.test.LoginTest@4fb61f4a]" started-at="2022-04-23T23:44:31 EDT" name="validconfirmpassword" finished-at="2022-04-23T23:44:31 EDT" depends-on-methods="com.test.LoginTest.validenterpwd" duration-ms="34" status="PASS">
          <reporter-output>
          </reporter-output>
        </test-method> <!-- validconfirmpassword -->
      </class> <!-- com.test.LoginTest -->
    </test> <!-- Reg FF -->
    <test started-at="2022-04-23T23:44:31 EDT" name="Reg Edge" finished-at="2022-04-23T23:44:35 EDT" duration-ms="3978">
      <class name="com.test.Base">
        <test-method is-config="true" signature="beforeTest(java.lang.String,java.lang.String)[pri:0, instance:com.test.Base@59309333]" started-at="2022-04-23T23:44:31 EDT" name="beforeTest" finished-at="2022-04-23T23:44:35 EDT" duration-ms="3912" status="FAIL">
          <params>
            <param index="0">
              <value>
                <![CDATA[Edge]]>
              </value>
            </param>
            <param index="1">
              <value>
                <![CDATA[https://www.shopify.ca]]>
              </value>
            </param>
          </params>
          <exception class="org.openqa.selenium.SessionNotCreatedException">
            <message>
              <![CDATA[session not created: This version of MSEdgeDriver only supports MSEdge version 102
Current browser version is 100.0.1185.50 with binary path C:\Program Files (x86)\Microsoft\Edge\Application\msedge.exe
Build info: version: '3.141.59', revision: 'e82be7d358', time: '2018-11-14T08:17:03'
System info: host: 'BIMWIZE3', ip: '10.0.0.219', os.name: 'Windows 10', os.arch: 'amd64', os.version: '10.0', java.version: '16.0.2'
Driver info: driver.version: EdgeDriver
remote stacktrace: Backtrace:
Microsoft::Applications::Events::EventProperties::unpack [0x00007FF68B4D94C2+21842]
Microsoft::Applications::Events::time_ticks_t::operator= [0x00007FF68B44BE22+416082]
Ordinal0 [0x00007FF68ADB30E5+667877]
Ordinal0 [0x00007FF68ADDDF74+843636]
Ordinal0 [0x00007FF68ADD9484+824452]
Ordinal0 [0x00007FF68ADD4D5E+806238]
Ordinal0 [0x00007FF68AE0F736+1046326]
Ordinal0 [0x00007FF68AE095F3+1021427]
Ordinal0 [0x00007FF68ADE05A7+853415]
Ordinal0 [0x00007FF68ADE1A78+858744]
Microsoft::Applications::Events::EventProperty::EventProperty [0x00007FF68B2B0978+89576]
Microsoft::Applications::Events::FromLogConfiguration [0x00007FF68B0603A9+75417]
Microsoft::Applications::Events::FromLogConfiguration [0x00007FF68B06007A+74602]
Microsoft::Applications::Events::FromLogConfiguration [0x00007FF68B062A0C+85244]
Microsoft::Applications::Events::FromLogConfiguration [0x00007FF68B060A76+77158]
Ordinal0 [0x00007FF68AEF101C+1970204]
Microsoft::Applications::Events::time_ticks_t::operator= [0x00007FF68B4545F4+450852]
Microsoft::Applications::Events::time_ticks_t::operator= [0x00007FF68B45474D+451197]
Ordinal0 [0x00007FF68AF008A2+2033826]
BaseThreadInitThunk [0x00007FFA6EFF54E0+16]
RtlUserThreadStart [0x00007FFA6FE6485B+43]
]]>
            </message>
            <full-stacktrace>
              <![CDATA[org.openqa.selenium.SessionNotCreatedException: session not created: This version of MSEdgeDriver only supports MSEdge version 102
Current browser version is 100.0.1185.50 with binary path C:\Program Files (x86)\Microsoft\Edge\Application\msedge.exe
Build info: version: '3.141.59', revision: 'e82be7d358', time: '2018-11-14T08:17:03'
System info: host: 'BIMWIZE3', ip: '10.0.0.219', os.name: 'Windows 10', os.arch: 'amd64', os.version: '10.0', java.version: '16.0.2'
Driver info: driver.version: EdgeDriver
remote stacktrace: Backtrace:
Microsoft::Applications::Events::EventProperties::unpack [0x00007FF68B4D94C2+21842]
Microsoft::Applications::Events::time_ticks_t::operator= [0x00007FF68B44BE22+416082]
Ordinal0 [0x00007FF68ADB30E5+667877]
Ordinal0 [0x00007FF68ADDDF74+843636]
Ordinal0 [0x00007FF68ADD9484+824452]
Ordinal0 [0x00007FF68ADD4D5E+806238]
Ordinal0 [0x00007FF68AE0F736+1046326]
Ordinal0 [0x00007FF68AE095F3+1021427]
Ordinal0 [0x00007FF68ADE05A7+853415]
Ordinal0 [0x00007FF68ADE1A78+858744]
Microsoft::Applications::Events::EventProperty::EventProperty [0x00007FF68B2B0978+89576]
Microsoft::Applications::Events::FromLogConfiguration [0x00007FF68B0603A9+75417]
Microsoft::Applications::Events::FromLogConfiguration [0x00007FF68B06007A+74602]
Microsoft::Applications::Events::FromLogConfiguration [0x00007FF68B062A0C+85244]
Microsoft::Applications::Events::FromLogConfiguration [0x00007FF68B060A76+77158]
Ordinal0 [0x00007FF68AEF101C+1970204]
Microsoft::Applications::Events::time_ticks_t::operator= [0x00007FF68B4545F4+450852]
Microsoft::Applications::Events::time_ticks_t::operator= [0x00007FF68B45474D+451197]
Ordinal0 [0x00007FF68AF008A2+2033826]
BaseThreadInitThunk [0x00007FFA6EFF54E0+16]
RtlUserThreadStart [0x00007FFA6FE6485B+43]

at java.base/jdk.internal.reflect.NativeConstructorAccessorImpl.newInstance0(Native Method)
at java.base/jdk.internal.reflect.NativeConstructorAccessorImpl.newInstance(NativeConstructorAccessorImpl.java:78)
at java.base/jdk.internal.reflect.DelegatingConstructorAccessorImpl.newInstance(DelegatingConstructorAccessorImpl.java:45)
at java.base/java.lang.reflect.Constructor.newInstanceWithCaller(Constructor.java:499)
at java.base/java.lang.reflect.Constructor.newInstance(Constructor.java:480)
at org.openqa.selenium.remote.W3CHandshakeResponse.lambda$errorHandler$0(W3CHandshakeResponse.java:62)
at org.openqa.selenium.remote.HandshakeResponse.lambda$getResponseFunction$0(HandshakeResponse.java:30)
at org.openqa.selenium.remote.ProtocolHandshake.lambda$createSession$0(ProtocolHandshake.java:126)
at java.base/java.util.stream.ReferencePipeline$3$1.accept(ReferencePipeline.java:197)
at java.base/java.util.Spliterators$ArraySpliterator.tryAdvance(Spliterators.java:958)
at java.base/java.util.stream.ReferencePipeline.forEachWithCancel(ReferencePipeline.java:129)
at java.base/java.util.stream.AbstractPipeline.copyIntoWithCancel(AbstractPipeline.java:502)
at java.base/java.util.stream.AbstractPipeline.copyInto(AbstractPipeline.java:488)
at java.base/java.util.stream.AbstractPipeline.wrapAndCopyInto(AbstractPipeline.java:474)
at java.base/java.util.stream.FindOps$FindOp.evaluateSequential(FindOps.java:150)
at java.base/java.util.stream.AbstractPipeline.evaluate(AbstractPipeline.java:234)
at java.base/java.util.stream.ReferencePipeline.findFirst(ReferencePipeline.java:647)
at org.openqa.selenium.remote.ProtocolHandshake.createSession(ProtocolHandshake.java:128)
at org.openqa.selenium.remote.ProtocolHandshake.createSession(ProtocolHandshake.java:74)
at org.openqa.selenium.remote.HttpCommandExecutor.execute(HttpCommandExecutor.java:136)
at org.openqa.selenium.remote.service.DriverCommandExecutor.execute(DriverCommandExecutor.java:83)
at org.openqa.selenium.remote.RemoteWebDriver.execute(RemoteWebDriver.java:552)
at org.openqa.selenium.remote.RemoteWebDriver.startSession(RemoteWebDriver.java:213)
at org.openqa.selenium.remote.RemoteWebDriver.<init>(RemoteWebDriver.java:131)
at org.openqa.selenium.edge.EdgeDriver.<init>(EdgeDriver.java:141)
at org.openqa.selenium.edge.EdgeDriver.<init>(EdgeDriver.java:96)
at com.base.DriverManager.launch(DriverManager.java:27)
at com.test.Base.beforeTest(Base.java:36)
at java.base/jdk.internal.reflect.NativeMethodAccessorImpl.invoke0(Native Method)
at java.base/jdk.internal.reflect.NativeMethodAccessorImpl.invoke(NativeMethodAccessorImpl.java:78)
at java.base/jdk.internal.reflect.DelegatingMethodAccessorImpl.invoke(DelegatingMethodAccessorImpl.java:43)
at java.base/java.lang.reflect.Method.invoke(Method.java:567)
at org.testng.internal.invokers.MethodInvocationHelper.invokeMethod(MethodInvocationHelper.java:135)
at org.testng.internal.invokers.MethodInvocationHelper.invokeMethodConsideringTimeout(MethodInvocationHelper.java:65)
at org.testng.internal.invokers.ConfigInvoker.invokeConfigurationMethod(ConfigInvoker.java:381)
at org.testng.internal.invokers.ConfigInvoker.invokeConfigurations(ConfigInvoker.java:319)
at org.testng.TestRunner.invokeTestConfigurations(TestRunner.java:645)
at org.testng.TestRunner.beforeRun(TestRunner.java:634)
at org.testng.TestRunner.run(TestRunner.java:596)
at org.testng.SuiteRunner.runTest(SuiteRunner.java:429)
at org.testng.SuiteRunner.runSequentially(SuiteRunner.java:423)
at org.testng.SuiteRunner.privateRun(SuiteRunner.java:383)
at org.testng.SuiteRunner.run(SuiteRunner.java:326)
at org.testng.SuiteRunnerWorker.runSuite(SuiteRunnerWorker.java:52)
at org.testng.SuiteRunnerWorker.run(SuiteRunnerWorker.java:95)
at org.testng.TestNG.runSuitesSequentially(TestNG.java:1249)
at org.testng.TestNG.runSuitesLocally(TestNG.java:1169)
at org.testng.TestNG.runSuites(TestNG.java:1092)
at org.testng.TestNG.run(TestNG.java:1060)
at org.testng.remote.AbstractRemoteTestNG.run(AbstractRemoteTestNG.java:115)
at org.testng.remote.RemoteTestNG.initAndRun(RemoteTestNG.java:251)
at org.testng.remote.RemoteTestNG.main(RemoteTestNG.java:77)
]]>
            </full-stacktrace>
          </exception> <!-- org.openqa.selenium.SessionNotCreatedException -->
          <reporter-output>
          </reporter-output>
        </test-method> <!-- beforeTest -->
        <test-method is-config="true" signature="afterSuite()[pri:0, instance:com.test.Base@59309333]" started-at="2022-04-23T23:44:35 EDT" name="afterSuite" finished-at="2022-04-23T23:44:35 EDT" duration-ms="0" status="SKIP">
          <reporter-output>
          </reporter-output>
        </test-method> <!-- afterSuite -->
      </class> <!-- com.test.Base -->
      <class name="com.test.LoginTest">
        <test-method is-config="true" signature="beforeclass()[pri:0, instance:com.test.LoginTest@5876a9af]" started-at="2022-04-23T23:44:35 EDT" name="beforeclass" finished-at="2022-04-23T23:44:35 EDT" duration-ms="2" status="PASS">
          <reporter-output>
          </reporter-output>
        </test-method> <!-- beforeclass -->
        <test-method signature="Loginbutton()[pri:1, instance:com.test.LoginTest@5876a9af]" started-at="2022-04-23T23:44:35 EDT" name="Loginbutton" finished-at="2022-04-23T23:44:35 EDT" duration-ms="0" status="SKIP">
          <exception class="org.openqa.selenium.SessionNotCreatedException">
            <message>
              <![CDATA[session not created: This version of MSEdgeDriver only supports MSEdge version 102
Current browser version is 100.0.1185.50 with binary path C:\Program Files (x86)\Microsoft\Edge\Application\msedge.exe
Build info: version: '3.141.59', revision: 'e82be7d358', time: '2018-11-14T08:17:03'
System info: host: 'BIMWIZE3', ip: '10.0.0.219', os.name: 'Windows 10', os.arch: 'amd64', os.version: '10.0', java.version: '16.0.2'
Driver info: driver.version: EdgeDriver
remote stacktrace: Backtrace:
Microsoft::Applications::Events::EventProperties::unpack [0x00007FF68B4D94C2+21842]
Microsoft::Applications::Events::time_ticks_t::operator= [0x00007FF68B44BE22+416082]
Ordinal0 [0x00007FF68ADB30E5+667877]
Ordinal0 [0x00007FF68ADDDF74+843636]
Ordinal0 [0x00007FF68ADD9484+824452]
Ordinal0 [0x00007FF68ADD4D5E+806238]
Ordinal0 [0x00007FF68AE0F736+1046326]
Ordinal0 [0x00007FF68AE095F3+1021427]
Ordinal0 [0x00007FF68ADE05A7+853415]
Ordinal0 [0x00007FF68ADE1A78+858744]
Microsoft::Applications::Events::EventProperty::EventProperty [0x00007FF68B2B0978+89576]
Microsoft::Applications::Events::FromLogConfiguration [0x00007FF68B0603A9+75417]
Microsoft::Applications::Events::FromLogConfiguration [0x00007FF68B06007A+74602]
Microsoft::Applications::Events::FromLogConfiguration [0x00007FF68B062A0C+85244]
Microsoft::Applications::Events::FromLogConfiguration [0x00007FF68B060A76+77158]
Ordinal0 [0x00007FF68AEF101C+1970204]
Microsoft::Applications::Events::time_ticks_t::operator= [0x00007FF68B4545F4+450852]
Microsoft::Applications::Events::time_ticks_t::operator= [0x00007FF68B45474D+451197]
Ordinal0 [0x00007FF68AF008A2+2033826]
BaseThreadInitThunk [0x00007FFA6EFF54E0+16]
RtlUserThreadStart [0x00007FFA6FE6485B+43]
]]>
            </message>
            <full-stacktrace>
              <![CDATA[org.openqa.selenium.SessionNotCreatedException: session not created: This version of MSEdgeDriver only supports MSEdge version 102
Current browser version is 100.0.1185.50 with binary path C:\Program Files (x86)\Microsoft\Edge\Application\msedge.exe
Build info: version: '3.141.59', revision: 'e82be7d358', time: '2018-11-14T08:17:03'
System info: host: 'BIMWIZE3', ip: '10.0.0.219', os.name: 'Windows 10', os.arch: 'amd64', os.version: '10.0', java.version: '16.0.2'
Driver info: driver.version: EdgeDriver
remote stacktrace: Backtrace:
Microsoft::Applications::Events::EventProperties::unpack [0x00007FF68B4D94C2+21842]
Microsoft::Applications::Events::time_ticks_t::operator= [0x00007FF68B44BE22+416082]
Ordinal0 [0x00007FF68ADB30E5+667877]
Ordinal0 [0x00007FF68ADDDF74+843636]
Ordinal0 [0x00007FF68ADD9484+824452]
Ordinal0 [0x00007FF68ADD4D5E+806238]
Ordinal0 [0x00007FF68AE0F736+1046326]
Ordinal0 [0x00007FF68AE095F3+1021427]
Ordinal0 [0x00007FF68ADE05A7+853415]
Ordinal0 [0x00007FF68ADE1A78+858744]
Microsoft::Applications::Events::EventProperty::EventProperty [0x00007FF68B2B0978+89576]
Microsoft::Applications::Events::FromLogConfiguration [0x00007FF68B0603A9+75417]
Microsoft::Applications::Events::FromLogConfiguration [0x00007FF68B06007A+74602]
Microsoft::Applications::Events::FromLogConfiguration [0x00007FF68B062A0C+85244]
Microsoft::Applications::Events::FromLogConfiguration [0x00007FF68B060A76+77158]
Ordinal0 [0x00007FF68AEF101C+1970204]
Microsoft::Applications::Events::time_ticks_t::operator= [0x00007FF68B4545F4+450852]
Microsoft::Applications::Events::time_ticks_t::operator= [0x00007FF68B45474D+451197]
Ordinal0 [0x00007FF68AF008A2+2033826]
BaseThreadInitThunk [0x00007FFA6EFF54E0+16]
RtlUserThreadStart [0x00007FFA6FE6485B+43]

at java.base/jdk.internal.reflect.NativeConstructorAccessorImpl.newInstance0(Native Method)
at java.base/jdk.internal.reflect.NativeConstructorAccessorImpl.newInstance(NativeConstructorAccessorImpl.java:78)
at java.base/jdk.internal.reflect.DelegatingConstructorAccessorImpl.newInstance(DelegatingConstructorAccessorImpl.java:45)
at java.base/java.lang.reflect.Constructor.newInstanceWithCaller(Constructor.java:499)
at java.base/java.lang.reflect.Constructor.newInstance(Constructor.java:480)
at org.openqa.selenium.remote.W3CHandshakeResponse.lambda$errorHandler$0(W3CHandshakeResponse.java:62)
at org.openqa.selenium.remote.HandshakeResponse.lambda$getResponseFunction$0(HandshakeResponse.java:30)
at org.openqa.selenium.remote.ProtocolHandshake.lambda$createSession$0(ProtocolHandshake.java:126)
at java.base/java.util.stream.ReferencePipeline$3$1.accept(ReferencePipeline.java:197)
at java.base/java.util.Spliterators$ArraySpliterator.tryAdvance(Spliterators.java:958)
at java.base/java.util.stream.ReferencePipeline.forEachWithCancel(ReferencePipeline.java:129)
at java.base/java.util.stream.AbstractPipeline.copyIntoWithCancel(AbstractPipeline.java:502)
at java.base/java.util.stream.AbstractPipeline.copyInto(AbstractPipeline.java:488)
at java.base/java.util.stream.AbstractPipeline.wrapAndCopyInto(AbstractPipeline.java:474)
at java.base/java.util.stream.FindOps$FindOp.evaluateSequential(FindOps.java:150)
at java.base/java.util.stream.AbstractPipeline.evaluate(AbstractPipeline.java:234)
at java.base/java.util.stream.ReferencePipeline.findFirst(ReferencePipeline.java:647)
at org.openqa.selenium.remote.ProtocolHandshake.createSession(ProtocolHandshake.java:128)
at org.openqa.selenium.remote.ProtocolHandshake.createSession(ProtocolHandshake.java:74)
at org.openqa.selenium.remote.HttpCommandExecutor.execute(HttpCommandExecutor.java:136)
at org.openqa.selenium.remote.service.DriverCommandExecutor.execute(DriverCommandExecutor.java:83)
at org.openqa.selenium.remote.RemoteWebDriver.execute(RemoteWebDriver.java:552)
at org.openqa.selenium.remote.RemoteWebDriver.startSession(RemoteWebDriver.java:213)
at org.openqa.selenium.remote.RemoteWebDriver.<init>(RemoteWebDriver.java:131)
at org.openqa.selenium.edge.EdgeDriver.<init>(EdgeDriver.java:141)
at org.openqa.selenium.edge.EdgeDriver.<init>(EdgeDriver.java:96)
at com.base.DriverManager.launch(DriverManager.java:27)
at com.test.Base.beforeTest(Base.java:36)
at java.base/jdk.internal.reflect.NativeMethodAccessorImpl.invoke0(Native Method)
at java.base/jdk.internal.reflect.NativeMethodAccessorImpl.invoke(NativeMethodAccessorImpl.java:78)
at java.base/jdk.internal.reflect.DelegatingMethodAccessorImpl.invoke(DelegatingMethodAccessorImpl.java:43)
at java.base/java.lang.reflect.Method.invoke(Method.java:567)
at org.testng.internal.invokers.MethodInvocationHelper.invokeMethod(MethodInvocationHelper.java:135)
at org.testng.internal.invokers.MethodInvocationHelper.invokeMethodConsideringTimeout(MethodInvocationHelper.java:65)
at org.testng.internal.invokers.ConfigInvoker.invokeConfigurationMethod(ConfigInvoker.java:381)
at org.testng.internal.invokers.ConfigInvoker.invokeConfigurations(ConfigInvoker.java:319)
at org.testng.TestRunner.invokeTestConfigurations(TestRunner.java:645)
at org.testng.TestRunner.beforeRun(TestRunner.java:634)
at org.testng.TestRunner.run(TestRunner.java:596)
at org.testng.SuiteRunner.runTest(SuiteRunner.java:429)
at org.testng.SuiteRunner.runSequentially(SuiteRunner.java:423)
at org.testng.SuiteRunner.privateRun(SuiteRunner.java:383)
at org.testng.SuiteRunner.run(SuiteRunner.java:326)
at org.testng.SuiteRunnerWorker.runSuite(SuiteRunnerWorker.java:52)
at org.testng.SuiteRunnerWorker.run(SuiteRunnerWorker.java:95)
at org.testng.TestNG.runSuitesSequentially(TestNG.java:1249)
at org.testng.TestNG.runSuitesLocally(TestNG.java:1169)
at org.testng.TestNG.runSuites(TestNG.java:1092)
at org.testng.TestNG.run(TestNG.java:1060)
at org.testng.remote.AbstractRemoteTestNG.run(AbstractRemoteTestNG.java:115)
at org.testng.remote.RemoteTestNG.initAndRun(RemoteTestNG.java:251)
at org.testng.remote.RemoteTestNG.main(RemoteTestNG.java:77)
]]>
            </full-stacktrace>
          </exception> <!-- org.openqa.selenium.SessionNotCreatedException -->
          <reporter-output>
          </reporter-output>
        </test-method> <!-- Loginbutton -->
        <test-method signature="getstarted()[pri:2, instance:com.test.LoginTest@5876a9af]" started-at="2022-04-23T23:44:35 EDT" name="getstarted" finished-at="2022-04-23T23:44:35 EDT" depends-on-methods="com.test.LoginTest.Loginbutton" duration-ms="1" status="SKIP">
          <exception class="java.lang.Throwable">
            <message>
              <![CDATA[Method com.test.LoginTest.getstarted() on instance com.test.LoginTest@5876a9af depends on not successfully finished methods 
[com.test.LoginTest.Loginbutton() on instance com.test.LoginTest@5876a9af]]]>
            </message>
            <full-stacktrace>
              <![CDATA[java.lang.Throwable: Method com.test.LoginTest.getstarted() on instance com.test.LoginTest@5876a9af depends on not successfully finished methods 
[com.test.LoginTest.Loginbutton() on instance com.test.LoginTest@5876a9af]
at org.testng.internal.invokers.TestInvoker.invokeTestMethods(TestInvoker.java:149)
at org.testng.internal.invokers.TestMethodWorker.invokeTestMethods(TestMethodWorker.java:146)
at org.testng.internal.invokers.TestMethodWorker.run(TestMethodWorker.java:128)
at java.base/java.util.ArrayList.forEach(ArrayList.java:1511)
at org.testng.TestRunner.privateRun(TestRunner.java:808)
at org.testng.TestRunner.run(TestRunner.java:603)
at org.testng.SuiteRunner.runTest(SuiteRunner.java:429)
at org.testng.SuiteRunner.runSequentially(SuiteRunner.java:423)
at org.testng.SuiteRunner.privateRun(SuiteRunner.java:383)
at org.testng.SuiteRunner.run(SuiteRunner.java:326)
at org.testng.SuiteRunnerWorker.runSuite(SuiteRunnerWorker.java:52)
at org.testng.SuiteRunnerWorker.run(SuiteRunnerWorker.java:95)
at org.testng.TestNG.runSuitesSequentially(TestNG.java:1249)
at org.testng.TestNG.runSuitesLocally(TestNG.java:1169)
at org.testng.TestNG.runSuites(TestNG.java:1092)
at org.testng.TestNG.run(TestNG.java:1060)
at org.testng.remote.AbstractRemoteTestNG.run(AbstractRemoteTestNG.java:115)
at org.testng.remote.RemoteTestNG.initAndRun(RemoteTestNG.java:251)
at org.testng.remote.RemoteTestNG.main(RemoteTestNG.java:77)
]]>
            </full-stacktrace>
          </exception> <!-- java.lang.Throwable -->
          <reporter-output>
          </reporter-output>
        </test-method> <!-- getstarted -->
        <test-method signature="enterEmail(java.lang.String)[pri:3, instance:com.test.LoginTest@5876a9af]" started-at="2022-04-23T23:44:35 EDT" name="enterEmail" finished-at="2022-04-23T23:44:35 EDT" depends-on-methods="com.test.LoginTest.getstarted" duration-ms="0" status="SKIP">
          <exception class="java.lang.Throwable">
            <message>
              <![CDATA[Method com.test.LoginTest.enterEmail() on instance com.test.LoginTest@5876a9af depends on not successfully finished methods 
[com.test.LoginTest.getstarted() on instance com.test.LoginTest@5876a9af]]]>
            </message>
            <full-stacktrace>
              <![CDATA[java.lang.Throwable: Method com.test.LoginTest.enterEmail() on instance com.test.LoginTest@5876a9af depends on not successfully finished methods 
[com.test.LoginTest.getstarted() on instance com.test.LoginTest@5876a9af]
at org.testng.internal.invokers.TestInvoker.invokeTestMethods(TestInvoker.java:149)
at org.testng.internal.invokers.TestMethodWorker.invokeTestMethods(TestMethodWorker.java:146)
at org.testng.internal.invokers.TestMethodWorker.run(TestMethodWorker.java:128)
at java.base/java.util.ArrayList.forEach(ArrayList.java:1511)
at org.testng.TestRunner.privateRun(TestRunner.java:808)
at org.testng.TestRunner.run(TestRunner.java:603)
at org.testng.SuiteRunner.runTest(SuiteRunner.java:429)
at org.testng.SuiteRunner.runSequentially(SuiteRunner.java:423)
at org.testng.SuiteRunner.privateRun(SuiteRunner.java:383)
at org.testng.SuiteRunner.run(SuiteRunner.java:326)
at org.testng.SuiteRunnerWorker.runSuite(SuiteRunnerWorker.java:52)
at org.testng.SuiteRunnerWorker.run(SuiteRunnerWorker.java:95)
at org.testng.TestNG.runSuitesSequentially(TestNG.java:1249)
at org.testng.TestNG.runSuitesLocally(TestNG.java:1169)
at org.testng.TestNG.runSuites(TestNG.java:1092)
at org.testng.TestNG.run(TestNG.java:1060)
at org.testng.remote.AbstractRemoteTestNG.run(AbstractRemoteTestNG.java:115)
at org.testng.remote.RemoteTestNG.initAndRun(RemoteTestNG.java:251)
at org.testng.remote.RemoteTestNG.main(RemoteTestNG.java:77)
]]>
            </full-stacktrace>
          </exception> <!-- java.lang.Throwable -->
          <reporter-output>
          </reporter-output>
        </test-method> <!-- enterEmail -->
        <test-method signature="enterfn(java.lang.String)[pri:4, instance:com.test.LoginTest@5876a9af]" started-at="2022-04-23T23:44:35 EDT" name="enterfn" finished-at="2022-04-23T23:44:35 EDT" depends-on-methods="com.test.LoginTest.enterEmail" duration-ms="0" status="SKIP">
          <exception class="java.lang.Throwable">
            <message>
              <![CDATA[Method com.test.LoginTest.enterfn() on instance com.test.LoginTest@5876a9af depends on not successfully finished methods 
[com.test.LoginTest.enterEmail() on instance com.test.LoginTest@5876a9af]]]>
            </message>
            <full-stacktrace>
              <![CDATA[java.lang.Throwable: Method com.test.LoginTest.enterfn() on instance com.test.LoginTest@5876a9af depends on not successfully finished methods 
[com.test.LoginTest.enterEmail() on instance com.test.LoginTest@5876a9af]
at org.testng.internal.invokers.TestInvoker.invokeTestMethods(TestInvoker.java:149)
at org.testng.internal.invokers.TestMethodWorker.invokeTestMethods(TestMethodWorker.java:146)
at org.testng.internal.invokers.TestMethodWorker.run(TestMethodWorker.java:128)
at java.base/java.util.ArrayList.forEach(ArrayList.java:1511)
at org.testng.TestRunner.privateRun(TestRunner.java:808)
at org.testng.TestRunner.run(TestRunner.java:603)
at org.testng.SuiteRunner.runTest(SuiteRunner.java:429)
at org.testng.SuiteRunner.runSequentially(SuiteRunner.java:423)
at org.testng.SuiteRunner.privateRun(SuiteRunner.java:383)
at org.testng.SuiteRunner.run(SuiteRunner.java:326)
at org.testng.SuiteRunnerWorker.runSuite(SuiteRunnerWorker.java:52)
at org.testng.SuiteRunnerWorker.run(SuiteRunnerWorker.java:95)
at org.testng.TestNG.runSuitesSequentially(TestNG.java:1249)
at org.testng.TestNG.runSuitesLocally(TestNG.java:1169)
at org.testng.TestNG.runSuites(TestNG.java:1092)
at org.testng.TestNG.run(TestNG.java:1060)
at org.testng.remote.AbstractRemoteTestNG.run(AbstractRemoteTestNG.java:115)
at org.testng.remote.RemoteTestNG.initAndRun(RemoteTestNG.java:251)
at org.testng.remote.RemoteTestNG.main(RemoteTestNG.java:77)
]]>
            </full-stacktrace>
          </exception> <!-- java.lang.Throwable -->
          <reporter-output>
          </reporter-output>
        </test-method> <!-- enterfn -->
        <test-method signature="enterln(java.lang.String)[pri:5, instance:com.test.LoginTest@5876a9af]" started-at="2022-04-23T23:44:35 EDT" name="enterln" finished-at="2022-04-23T23:44:35 EDT" depends-on-methods="com.test.LoginTest.enterfn" duration-ms="0" status="SKIP">
          <exception class="java.lang.Throwable">
            <message>
              <![CDATA[Method com.test.LoginTest.enterln() on instance com.test.LoginTest@5876a9af depends on not successfully finished methods 
[com.test.LoginTest.enterfn() on instance com.test.LoginTest@5876a9af]]]>
            </message>
            <full-stacktrace>
              <![CDATA[java.lang.Throwable: Method com.test.LoginTest.enterln() on instance com.test.LoginTest@5876a9af depends on not successfully finished methods 
[com.test.LoginTest.enterfn() on instance com.test.LoginTest@5876a9af]
at org.testng.internal.invokers.TestInvoker.invokeTestMethods(TestInvoker.java:149)
at org.testng.internal.invokers.TestMethodWorker.invokeTestMethods(TestMethodWorker.java:146)
at org.testng.internal.invokers.TestMethodWorker.run(TestMethodWorker.java:128)
at java.base/java.util.ArrayList.forEach(ArrayList.java:1511)
at org.testng.TestRunner.privateRun(TestRunner.java:808)
at org.testng.TestRunner.run(TestRunner.java:603)
at org.testng.SuiteRunner.runTest(SuiteRunner.java:429)
at org.testng.SuiteRunner.runSequentially(SuiteRunner.java:423)
at org.testng.SuiteRunner.privateRun(SuiteRunner.java:383)
at org.testng.SuiteRunner.run(SuiteRunner.java:326)
at org.testng.SuiteRunnerWorker.runSuite(SuiteRunnerWorker.java:52)
at org.testng.SuiteRunnerWorker.run(SuiteRunnerWorker.java:95)
at org.testng.TestNG.runSuitesSequentially(TestNG.java:1249)
at org.testng.TestNG.runSuitesLocally(TestNG.java:1169)
at org.testng.TestNG.runSuites(TestNG.java:1092)
at org.testng.TestNG.run(TestNG.java:1060)
at org.testng.remote.AbstractRemoteTestNG.run(AbstractRemoteTestNG.java:115)
at org.testng.remote.RemoteTestNG.initAndRun(RemoteTestNG.java:251)
at org.testng.remote.RemoteTestNG.main(RemoteTestNG.java:77)
]]>
            </full-stacktrace>
          </exception> <!-- java.lang.Throwable -->
          <reporter-output>
          </reporter-output>
        </test-method> <!-- enterln -->
        <test-method signature="enterpwd(java.lang.String)[pri:6, instance:com.test.LoginTest@5876a9af]" started-at="2022-04-23T23:44:35 EDT" name="enterpwd" finished-at="2022-04-23T23:44:35 EDT" depends-on-methods="com.test.LoginTest.enterln" duration-ms="0" status="SKIP">
          <exception class="java.lang.Throwable">
            <message>
              <![CDATA[Method com.test.LoginTest.enterpwd() on instance com.test.LoginTest@5876a9af depends on not successfully finished methods 
[com.test.LoginTest.enterln() on instance com.test.LoginTest@5876a9af]]]>
            </message>
            <full-stacktrace>
              <![CDATA[java.lang.Throwable: Method com.test.LoginTest.enterpwd() on instance com.test.LoginTest@5876a9af depends on not successfully finished methods 
[com.test.LoginTest.enterln() on instance com.test.LoginTest@5876a9af]
at org.testng.internal.invokers.TestInvoker.invokeTestMethods(TestInvoker.java:149)
at org.testng.internal.invokers.TestMethodWorker.invokeTestMethods(TestMethodWorker.java:146)
at org.testng.internal.invokers.TestMethodWorker.run(TestMethodWorker.java:128)
at java.base/java.util.ArrayList.forEach(ArrayList.java:1511)
at org.testng.TestRunner.privateRun(TestRunner.java:808)
at org.testng.TestRunner.run(TestRunner.java:603)
at org.testng.SuiteRunner.runTest(SuiteRunner.java:429)
at org.testng.SuiteRunner.runSequentially(SuiteRunner.java:423)
at org.testng.SuiteRunner.privateRun(SuiteRunner.java:383)
at org.testng.SuiteRunner.run(SuiteRunner.java:326)
at org.testng.SuiteRunnerWorker.runSuite(SuiteRunnerWorker.java:52)
at org.testng.SuiteRunnerWorker.run(SuiteRunnerWorker.java:95)
at org.testng.TestNG.runSuitesSequentially(TestNG.java:1249)
at org.testng.TestNG.runSuitesLocally(TestNG.java:1169)
at org.testng.TestNG.runSuites(TestNG.java:1092)
at org.testng.TestNG.run(TestNG.java:1060)
at org.testng.remote.AbstractRemoteTestNG.run(AbstractRemoteTestNG.java:115)
at org.testng.remote.RemoteTestNG.initAndRun(RemoteTestNG.java:251)
at org.testng.remote.RemoteTestNG.main(RemoteTestNG.java:77)
]]>
            </full-stacktrace>
          </exception> <!-- java.lang.Throwable -->
          <reporter-output>
          </reporter-output>
        </test-method> <!-- enterpwd -->
        <test-method signature="confirmpassword()[pri:7, instance:com.test.LoginTest@5876a9af]" started-at="2022-04-23T23:44:35 EDT" name="confirmpassword" finished-at="2022-04-23T23:44:35 EDT" depends-on-methods="com.test.LoginTest.enterpwd" duration-ms="0" status="SKIP">
          <exception class="java.lang.Throwable">
            <message>
              <![CDATA[Method com.test.LoginTest.confirmpassword() on instance com.test.LoginTest@5876a9af depends on not successfully finished methods 
[com.test.LoginTest.enterpwd() on instance com.test.LoginTest@5876a9af]]]>
            </message>
            <full-stacktrace>
              <![CDATA[java.lang.Throwable: Method com.test.LoginTest.confirmpassword() on instance com.test.LoginTest@5876a9af depends on not successfully finished methods 
[com.test.LoginTest.enterpwd() on instance com.test.LoginTest@5876a9af]
at org.testng.internal.invokers.TestInvoker.invokeTestMethods(TestInvoker.java:149)
at org.testng.internal.invokers.TestMethodWorker.invokeTestMethods(TestMethodWorker.java:146)
at org.testng.internal.invokers.TestMethodWorker.run(TestMethodWorker.java:128)
at java.base/java.util.ArrayList.forEach(ArrayList.java:1511)
at org.testng.TestRunner.privateRun(TestRunner.java:808)
at org.testng.TestRunner.run(TestRunner.java:603)
at org.testng.SuiteRunner.runTest(SuiteRunner.java:429)
at org.testng.SuiteRunner.runSequentially(SuiteRunner.java:423)
at org.testng.SuiteRunner.privateRun(SuiteRunner.java:383)
at org.testng.SuiteRunner.run(SuiteRunner.java:326)
at org.testng.SuiteRunnerWorker.runSuite(SuiteRunnerWorker.java:52)
at org.testng.SuiteRunnerWorker.run(SuiteRunnerWorker.java:95)
at org.testng.TestNG.runSuitesSequentially(TestNG.java:1249)
at org.testng.TestNG.runSuitesLocally(TestNG.java:1169)
at org.testng.TestNG.runSuites(TestNG.java:1092)
at org.testng.TestNG.run(TestNG.java:1060)
at org.testng.remote.AbstractRemoteTestNG.run(AbstractRemoteTestNG.java:115)
at org.testng.remote.RemoteTestNG.initAndRun(RemoteTestNG.java:251)
at org.testng.remote.RemoteTestNG.main(RemoteTestNG.java:77)
]]>
            </full-stacktrace>
          </exception> <!-- java.lang.Throwable -->
          <reporter-output>
          </reporter-output>
        </test-method> <!-- confirmpassword -->
        <test-method signature="validenterEmail(java.lang.String)[pri:8, instance:com.test.LoginTest@5876a9af]" started-at="2022-04-23T23:44:35 EDT" name="validenterEmail" finished-at="2022-04-23T23:44:35 EDT" depends-on-methods="com.test.LoginTest.confirmpassword" duration-ms="0" status="SKIP">
          <exception class="java.lang.Throwable">
            <message>
              <![CDATA[Method com.test.LoginTest.validenterEmail() on instance com.test.LoginTest@5876a9af depends on not successfully finished methods 
[com.test.LoginTest.confirmpassword() on instance com.test.LoginTest@5876a9af]]]>
            </message>
            <full-stacktrace>
              <![CDATA[java.lang.Throwable: Method com.test.LoginTest.validenterEmail() on instance com.test.LoginTest@5876a9af depends on not successfully finished methods 
[com.test.LoginTest.confirmpassword() on instance com.test.LoginTest@5876a9af]
at org.testng.internal.invokers.TestInvoker.invokeTestMethods(TestInvoker.java:149)
at org.testng.internal.invokers.TestMethodWorker.invokeTestMethods(TestMethodWorker.java:146)
at org.testng.internal.invokers.TestMethodWorker.run(TestMethodWorker.java:128)
at java.base/java.util.ArrayList.forEach(ArrayList.java:1511)
at org.testng.TestRunner.privateRun(TestRunner.java:808)
at org.testng.TestRunner.run(TestRunner.java:603)
at org.testng.SuiteRunner.runTest(SuiteRunner.java:429)
at org.testng.SuiteRunner.runSequentially(SuiteRunner.java:423)
at org.testng.SuiteRunner.privateRun(SuiteRunner.java:383)
at org.testng.SuiteRunner.run(SuiteRunner.java:326)
at org.testng.SuiteRunnerWorker.runSuite(SuiteRunnerWorker.java:52)
at org.testng.SuiteRunnerWorker.run(SuiteRunnerWorker.java:95)
at org.testng.TestNG.runSuitesSequentially(TestNG.java:1249)
at org.testng.TestNG.runSuitesLocally(TestNG.java:1169)
at org.testng.TestNG.runSuites(TestNG.java:1092)
at org.testng.TestNG.run(TestNG.java:1060)
at org.testng.remote.AbstractRemoteTestNG.run(AbstractRemoteTestNG.java:115)
at org.testng.remote.RemoteTestNG.initAndRun(RemoteTestNG.java:251)
at org.testng.remote.RemoteTestNG.main(RemoteTestNG.java:77)
]]>
            </full-stacktrace>
          </exception> <!-- java.lang.Throwable -->
          <reporter-output>
          </reporter-output>
        </test-method> <!-- validenterEmail -->
        <test-method signature="validenterfn(java.lang.String)[pri:9, instance:com.test.LoginTest@5876a9af]" started-at="2022-04-23T23:44:35 EDT" name="validenterfn" finished-at="2022-04-23T23:44:35 EDT" depends-on-methods="com.test.LoginTest.validenterEmail" duration-ms="1" status="SKIP">
          <exception class="java.lang.Throwable">
            <message>
              <![CDATA[Method com.test.LoginTest.validenterfn() on instance com.test.LoginTest@5876a9af depends on not successfully finished methods 
[com.test.LoginTest.validenterEmail() on instance com.test.LoginTest@5876a9af]]]>
            </message>
            <full-stacktrace>
              <![CDATA[java.lang.Throwable: Method com.test.LoginTest.validenterfn() on instance com.test.LoginTest@5876a9af depends on not successfully finished methods 
[com.test.LoginTest.validenterEmail() on instance com.test.LoginTest@5876a9af]
at org.testng.internal.invokers.TestInvoker.invokeTestMethods(TestInvoker.java:149)
at org.testng.internal.invokers.TestMethodWorker.invokeTestMethods(TestMethodWorker.java:146)
at org.testng.internal.invokers.TestMethodWorker.run(TestMethodWorker.java:128)
at java.base/java.util.ArrayList.forEach(ArrayList.java:1511)
at org.testng.TestRunner.privateRun(TestRunner.java:808)
at org.testng.TestRunner.run(TestRunner.java:603)
at org.testng.SuiteRunner.runTest(SuiteRunner.java:429)
at org.testng.SuiteRunner.runSequentially(SuiteRunner.java:423)
at org.testng.SuiteRunner.privateRun(SuiteRunner.java:383)
at org.testng.SuiteRunner.run(SuiteRunner.java:326)
at org.testng.SuiteRunnerWorker.runSuite(SuiteRunnerWorker.java:52)
at org.testng.SuiteRunnerWorker.run(SuiteRunnerWorker.java:95)
at org.testng.TestNG.runSuitesSequentially(TestNG.java:1249)
at org.testng.TestNG.runSuitesLocally(TestNG.java:1169)
at org.testng.TestNG.runSuites(TestNG.java:1092)
at org.testng.TestNG.run(TestNG.java:1060)
at org.testng.remote.AbstractRemoteTestNG.run(AbstractRemoteTestNG.java:115)
at org.testng.remote.RemoteTestNG.initAndRun(RemoteTestNG.java:251)
at org.testng.remote.RemoteTestNG.main(RemoteTestNG.java:77)
]]>
            </full-stacktrace>
          </exception> <!-- java.lang.Throwable -->
          <reporter-output>
          </reporter-output>
        </test-method> <!-- validenterfn -->
        <test-method signature="validenterln(java.lang.String)[pri:10, instance:com.test.LoginTest@5876a9af]" started-at="2022-04-23T23:44:35 EDT" name="validenterln" finished-at="2022-04-23T23:44:35 EDT" depends-on-methods="com.test.LoginTest.validenterfn" duration-ms="0" status="SKIP">
          <exception class="java.lang.Throwable">
            <message>
              <![CDATA[Method com.test.LoginTest.validenterln() on instance com.test.LoginTest@5876a9af depends on not successfully finished methods 
[com.test.LoginTest.validenterfn() on instance com.test.LoginTest@5876a9af]]]>
            </message>
            <full-stacktrace>
              <![CDATA[java.lang.Throwable: Method com.test.LoginTest.validenterln() on instance com.test.LoginTest@5876a9af depends on not successfully finished methods 
[com.test.LoginTest.validenterfn() on instance com.test.LoginTest@5876a9af]
at org.testng.internal.invokers.TestInvoker.invokeTestMethods(TestInvoker.java:149)
at org.testng.internal.invokers.TestMethodWorker.invokeTestMethods(TestMethodWorker.java:146)
at org.testng.internal.invokers.TestMethodWorker.run(TestMethodWorker.java:128)
at java.base/java.util.ArrayList.forEach(ArrayList.java:1511)
at org.testng.TestRunner.privateRun(TestRunner.java:808)
at org.testng.TestRunner.run(TestRunner.java:603)
at org.testng.SuiteRunner.runTest(SuiteRunner.java:429)
at org.testng.SuiteRunner.runSequentially(SuiteRunner.java:423)
at org.testng.SuiteRunner.privateRun(SuiteRunner.java:383)
at org.testng.SuiteRunner.run(SuiteRunner.java:326)
at org.testng.SuiteRunnerWorker.runSuite(SuiteRunnerWorker.java:52)
at org.testng.SuiteRunnerWorker.run(SuiteRunnerWorker.java:95)
at org.testng.TestNG.runSuitesSequentially(TestNG.java:1249)
at org.testng.TestNG.runSuitesLocally(TestNG.java:1169)
at org.testng.TestNG.runSuites(TestNG.java:1092)
at org.testng.TestNG.run(TestNG.java:1060)
at org.testng.remote.AbstractRemoteTestNG.run(AbstractRemoteTestNG.java:115)
at org.testng.remote.RemoteTestNG.initAndRun(RemoteTestNG.java:251)
at org.testng.remote.RemoteTestNG.main(RemoteTestNG.java:77)
]]>
            </full-stacktrace>
          </exception> <!-- java.lang.Throwable -->
          <reporter-output>
          </reporter-output>
        </test-method> <!-- validenterln -->
        <test-method signature="validenterpwd(java.lang.String)[pri:11, instance:com.test.LoginTest@5876a9af]" started-at="2022-04-23T23:44:35 EDT" name="validenterpwd" finished-at="2022-04-23T23:44:35 EDT" depends-on-methods="com.test.LoginTest.validenterln" duration-ms="0" status="SKIP">
          <exception class="java.lang.Throwable">
            <message>
              <![CDATA[Method com.test.LoginTest.validenterpwd() on instance com.test.LoginTest@5876a9af depends on not successfully finished methods 
[com.test.LoginTest.validenterln() on instance com.test.LoginTest@5876a9af]]]>
            </message>
            <full-stacktrace>
              <![CDATA[java.lang.Throwable: Method com.test.LoginTest.validenterpwd() on instance com.test.LoginTest@5876a9af depends on not successfully finished methods 
[com.test.LoginTest.validenterln() on instance com.test.LoginTest@5876a9af]
at org.testng.internal.invokers.TestInvoker.invokeTestMethods(TestInvoker.java:149)
at org.testng.internal.invokers.TestMethodWorker.invokeTestMethods(TestMethodWorker.java:146)
at org.testng.internal.invokers.TestMethodWorker.run(TestMethodWorker.java:128)
at java.base/java.util.ArrayList.forEach(ArrayList.java:1511)
at org.testng.TestRunner.privateRun(TestRunner.java:808)
at org.testng.TestRunner.run(TestRunner.java:603)
at org.testng.SuiteRunner.runTest(SuiteRunner.java:429)
at org.testng.SuiteRunner.runSequentially(SuiteRunner.java:423)
at org.testng.SuiteRunner.privateRun(SuiteRunner.java:383)
at org.testng.SuiteRunner.run(SuiteRunner.java:326)
at org.testng.SuiteRunnerWorker.runSuite(SuiteRunnerWorker.java:52)
at org.testng.SuiteRunnerWorker.run(SuiteRunnerWorker.java:95)
at org.testng.TestNG.runSuitesSequentially(TestNG.java:1249)
at org.testng.TestNG.runSuitesLocally(TestNG.java:1169)
at org.testng.TestNG.runSuites(TestNG.java:1092)
at org.testng.TestNG.run(TestNG.java:1060)
at org.testng.remote.AbstractRemoteTestNG.run(AbstractRemoteTestNG.java:115)
at org.testng.remote.RemoteTestNG.initAndRun(RemoteTestNG.java:251)
at org.testng.remote.RemoteTestNG.main(RemoteTestNG.java:77)
]]>
            </full-stacktrace>
          </exception> <!-- java.lang.Throwable -->
          <reporter-output>
          </reporter-output>
        </test-method> <!-- validenterpwd -->
        <test-method signature="validconfirmpassword()[pri:12, instance:com.test.LoginTest@5876a9af]" started-at="2022-04-23T23:44:35 EDT" name="validconfirmpassword" finished-at="2022-04-23T23:44:35 EDT" depends-on-methods="com.test.LoginTest.validenterpwd" duration-ms="0" status="SKIP">
          <exception class="java.lang.Throwable">
            <message>
              <![CDATA[Method com.test.LoginTest.validconfirmpassword() on instance com.test.LoginTest@5876a9af depends on not successfully finished methods 
[com.test.LoginTest.validenterpwd() on instance com.test.LoginTest@5876a9af]]]>
            </message>
            <full-stacktrace>
              <![CDATA[java.lang.Throwable: Method com.test.LoginTest.validconfirmpassword() on instance com.test.LoginTest@5876a9af depends on not successfully finished methods 
[com.test.LoginTest.validenterpwd() on instance com.test.LoginTest@5876a9af]
at org.testng.internal.invokers.TestInvoker.invokeTestMethods(TestInvoker.java:149)
at org.testng.internal.invokers.TestMethodWorker.invokeTestMethods(TestMethodWorker.java:146)
at org.testng.internal.invokers.TestMethodWorker.run(TestMethodWorker.java:128)
at java.base/java.util.ArrayList.forEach(ArrayList.java:1511)
at org.testng.TestRunner.privateRun(TestRunner.java:808)
at org.testng.TestRunner.run(TestRunner.java:603)
at org.testng.SuiteRunner.runTest(SuiteRunner.java:429)
at org.testng.SuiteRunner.runSequentially(SuiteRunner.java:423)
at org.testng.SuiteRunner.privateRun(SuiteRunner.java:383)
at org.testng.SuiteRunner.run(SuiteRunner.java:326)
at org.testng.SuiteRunnerWorker.runSuite(SuiteRunnerWorker.java:52)
at org.testng.SuiteRunnerWorker.run(SuiteRunnerWorker.java:95)
at org.testng.TestNG.runSuitesSequentially(TestNG.java:1249)
at org.testng.TestNG.runSuitesLocally(TestNG.java:1169)
at org.testng.TestNG.runSuites(TestNG.java:1092)
at org.testng.TestNG.run(TestNG.java:1060)
at org.testng.remote.AbstractRemoteTestNG.run(AbstractRemoteTestNG.java:115)
at org.testng.remote.RemoteTestNG.initAndRun(RemoteTestNG.java:251)
at org.testng.remote.RemoteTestNG.main(RemoteTestNG.java:77)
]]>
            </full-stacktrace>
          </exception> <!-- java.lang.Throwable -->
          <reporter-output>
          </reporter-output>
        </test-method> <!-- validconfirmpassword -->
      </class> <!-- com.test.LoginTest -->
    </test> <!-- Reg Edge -->
  </suite> <!-- Suite -->
</testng-results>
