<?xml version="1.0" encoding="UTF-8"?>
<!-- Generated by org.testng.reporters.JUnitReportReporter -->
<testsuite hostname="BIMWize3" failures="0" tests="1" name="com.test.Base" time="3.912" errors="1" timestamp="2022-04-23T23:44:36 EDT" skipped="0">
  <testcase classname="com.test.Base" name="beforeTest" time="3.912">
    <error message="session not created: This version of MSEdgeDriver only supports MSEdge version 102
Current browser version is 100.0.1185.50 with binary path C:\Program Files (x86)\Microsoft\Edge\Application\msedge.exe
Build info: version: &#039;3.141.59&#039;, revision: &#039;e82be7d358&#039;, time: &#039;2018-11-14T08:17:03&#039;
System info: host: &#039;BIMWIZE3&#039;, ip: &#039;10.0.0.219&#039;, os.name: &#039;Windows 10&#039;, os.arch: &#039;amd64&#039;, os.version: &#039;10.0&#039;, java.version: &#039;16.0.2&#039;
Driver info: driver.version: EdgeDriver
remote stacktrace: Backtrace:
	Microsoft::Applications::Events::EventProperties::unpack [0x00007FF68B4D94C2+21842]
	Microsoft::Applications::Events::time_ticks_t::operator= [0x00007FF68B44BE22+416082]
	Ordinal0 [0x00007FF68ADB30E5+667877]
	Ordinal0 [0x00007FF68ADDDF74+843636]
	Ordinal0 [0x00007FF68ADD9484+824452]
	Ordinal0 [0x00007FF68ADD4D5E+806238]
	Ordinal0 [0x00007FF68AE0F736+1046326]
	Ordinal0 [0x00007FF68AE095F3+1021427]
	Ordinal0 [0x00007FF68ADE05A7+853415]
	Ordinal0 [0x00007FF68ADE1A78+858744]
	Microsoft::Applications::Events::EventProperty::EventProperty [0x00007FF68B2B0978+89576]
	Microsoft::Applications::Events::FromLogConfiguration [0x00007FF68B0603A9+75417]
	Microsoft::Applications::Events::FromLogConfiguration [0x00007FF68B06007A+74602]
	Microsoft::Applications::Events::FromLogConfiguration [0x00007FF68B062A0C+85244]
	Microsoft::Applications::Events::FromLogConfiguration [0x00007FF68B060A76+77158]
	Ordinal0 [0x00007FF68AEF101C+1970204]
	Microsoft::Applications::Events::time_ticks_t::operator= [0x00007FF68B4545F4+450852]
	Microsoft::Applications::Events::time_ticks_t::operator= [0x00007FF68B45474D+451197]
	Ordinal0 [0x00007FF68AF008A2+2033826]
	BaseThreadInitThunk [0x00007FFA6EFF54E0+16]
	RtlUserThreadStart [0x00007FFA6FE6485B+43]
" type="org.openqa.selenium.SessionNotCreatedException">
      <![CDATA[org.openqa.selenium.SessionNotCreatedException: session not created: This version of MSEdgeDriver only supports MSEdge version 102
Current browser version is 100.0.1185.50 with binary path C:\Program Files (x86)\Microsoft\Edge\Application\msedge.exe
Build info: version: '3.141.59', revision: 'e82be7d358', time: '2018-11-14T08:17:03'
System info: host: 'BIMWIZE3', ip: '10.0.0.219', os.name: 'Windows 10', os.arch: 'amd64', os.version: '10.0', java.version: '16.0.2'
Driver info: driver.version: EdgeDriver
remote stacktrace: Backtrace:
Microsoft::Applications::Events::EventProperties::unpack [0x00007FF68B4D94C2+21842]
Microsoft::Applications::Events::time_ticks_t::operator= [0x00007FF68B44BE22+416082]
Ordinal0 [0x00007FF68ADB30E5+667877]
Ordinal0 [0x00007FF68ADDDF74+843636]
Ordinal0 [0x00007FF68ADD9484+824452]
Ordinal0 [0x00007FF68ADD4D5E+806238]
Ordinal0 [0x00007FF68AE0F736+1046326]
Ordinal0 [0x00007FF68AE095F3+1021427]
Ordinal0 [0x00007FF68ADE05A7+853415]
Ordinal0 [0x00007FF68ADE1A78+858744]
Microsoft::Applications::Events::EventProperty::EventProperty [0x00007FF68B2B0978+89576]
Microsoft::Applications::Events::FromLogConfiguration [0x00007FF68B0603A9+75417]
Microsoft::Applications::Events::FromLogConfiguration [0x00007FF68B06007A+74602]
Microsoft::Applications::Events::FromLogConfiguration [0x00007FF68B062A0C+85244]
Microsoft::Applications::Events::FromLogConfiguration [0x00007FF68B060A76+77158]
Ordinal0 [0x00007FF68AEF101C+1970204]
Microsoft::Applications::Events::time_ticks_t::operator= [0x00007FF68B4545F4+450852]
Microsoft::Applications::Events::time_ticks_t::operator= [0x00007FF68B45474D+451197]
Ordinal0 [0x00007FF68AF008A2+2033826]
BaseThreadInitThunk [0x00007FFA6EFF54E0+16]
RtlUserThreadStart [0x00007FFA6FE6485B+43]

at java.base/jdk.internal.reflect.NativeConstructorAccessorImpl.newInstance0(Native Method)
at java.base/jdk.internal.reflect.NativeConstructorAccessorImpl.newInstance(NativeConstructorAccessorImpl.java:78)
at java.base/jdk.internal.reflect.DelegatingConstructorAccessorImpl.newInstance(DelegatingConstructorAccessorImpl.java:45)
at java.base/java.lang.reflect.Constructor.newInstanceWithCaller(Constructor.java:499)
at java.base/java.lang.reflect.Constructor.newInstance(Constructor.java:480)
at org.openqa.selenium.remote.W3CHandshakeResponse.lambda$errorHandler$0(W3CHandshakeResponse.java:62)
at org.openqa.selenium.remote.HandshakeResponse.lambda$getResponseFunction$0(HandshakeResponse.java:30)
at org.openqa.selenium.remote.ProtocolHandshake.lambda$createSession$0(ProtocolHandshake.java:126)
at java.base/java.util.stream.ReferencePipeline$3$1.accept(ReferencePipeline.java:197)
at java.base/java.util.Spliterators$ArraySpliterator.tryAdvance(Spliterators.java:958)
at java.base/java.util.stream.ReferencePipeline.forEachWithCancel(ReferencePipeline.java:129)
at java.base/java.util.stream.AbstractPipeline.copyIntoWithCancel(AbstractPipeline.java:502)
at java.base/java.util.stream.AbstractPipeline.copyInto(AbstractPipeline.java:488)
at java.base/java.util.stream.AbstractPipeline.wrapAndCopyInto(AbstractPipeline.java:474)
at java.base/java.util.stream.FindOps$FindOp.evaluateSequential(FindOps.java:150)
at java.base/java.util.stream.AbstractPipeline.evaluate(AbstractPipeline.java:234)
at java.base/java.util.stream.ReferencePipeline.findFirst(ReferencePipeline.java:647)
at org.openqa.selenium.remote.ProtocolHandshake.createSession(ProtocolHandshake.java:128)
at org.openqa.selenium.remote.ProtocolHandshake.createSession(ProtocolHandshake.java:74)
at org.openqa.selenium.remote.HttpCommandExecutor.execute(HttpCommandExecutor.java:136)
at org.openqa.selenium.remote.service.DriverCommandExecutor.execute(DriverCommandExecutor.java:83)
at org.openqa.selenium.remote.RemoteWebDriver.execute(RemoteWebDriver.java:552)
at org.openqa.selenium.remote.RemoteWebDriver.startSession(RemoteWebDriver.java:213)
at org.openqa.selenium.remote.RemoteWebDriver.<init>(RemoteWebDriver.java:131)
at org.openqa.selenium.edge.EdgeDriver.<init>(EdgeDriver.java:141)
at org.openqa.selenium.edge.EdgeDriver.<init>(EdgeDriver.java:96)
at com.base.DriverManager.launch(DriverManager.java:27)
at com.test.Base.beforeTest(Base.java:36)
at java.base/jdk.internal.reflect.NativeMethodAccessorImpl.invoke0(Native Method)
at java.base/jdk.internal.reflect.NativeMethodAccessorImpl.invoke(NativeMethodAccessorImpl.java:78)
at java.base/jdk.internal.reflect.DelegatingMethodAccessorImpl.invoke(DelegatingMethodAccessorImpl.java:43)
at java.base/java.lang.reflect.Method.invoke(Method.java:567)
at org.testng.internal.invokers.MethodInvocationHelper.invokeMethod(MethodInvocationHelper.java:135)
at org.testng.internal.invokers.MethodInvocationHelper.invokeMethodConsideringTimeout(MethodInvocationHelper.java:65)
at org.testng.internal.invokers.ConfigInvoker.invokeConfigurationMethod(ConfigInvoker.java:381)
at org.testng.internal.invokers.ConfigInvoker.invokeConfigurations(ConfigInvoker.java:319)
at org.testng.TestRunner.invokeTestConfigurations(TestRunner.java:645)
at org.testng.TestRunner.beforeRun(TestRunner.java:634)
at org.testng.TestRunner.run(TestRunner.java:596)
at org.testng.SuiteRunner.runTest(SuiteRunner.java:429)
at org.testng.SuiteRunner.runSequentially(SuiteRunner.java:423)
at org.testng.SuiteRunner.privateRun(SuiteRunner.java:383)
at org.testng.SuiteRunner.run(SuiteRunner.java:326)
at org.testng.SuiteRunnerWorker.runSuite(SuiteRunnerWorker.java:52)
at org.testng.SuiteRunnerWorker.run(SuiteRunnerWorker.java:95)
at org.testng.TestNG.runSuitesSequentially(TestNG.java:1249)
at org.testng.TestNG.runSuitesLocally(TestNG.java:1169)
at org.testng.TestNG.runSuites(TestNG.java:1092)
at org.testng.TestNG.run(TestNG.java:1060)
at org.testng.remote.AbstractRemoteTestNG.run(AbstractRemoteTestNG.java:115)
at org.testng.remote.RemoteTestNG.initAndRun(RemoteTestNG.java:251)
at org.testng.remote.RemoteTestNG.main(RemoteTestNG.java:77)
]]>
    </error>
  </testcase> <!-- beforeTest -->
  <system-out/>
</testsuite> <!-- com.test.Base -->
